iConf CONFORMER     FL  occ    crg   Em0  pKa0 ne nH    vdw0    vdw1    tors    epol   dsolv   extra    history
00001 NTR01A0001_001 f 0.00  0.000     0  0.00  0  0  -0.002  -1.531   2.800   0.005  -0.000   0.000 01O000M000 t
00002 NTR+1A0001_002 f 0.00  1.000     0  8.00  0  1  -0.004  -1.596   0.000   0.821   5.566  -1.300 +1O000M000 t
00003 LYS01A0001_001 f 0.00  0.000     0  0.00  0  0  -0.578  -4.280   1.010   0.001   0.023   0.000 01O000M000 t
00004 LYS+1A0001_002 f 0.00  1.000     0 10.40  0  1  -0.624  -4.286   1.010   0.173   0.760   0.400 +1O000M000 t
00005 VAL01A0002_001 f 0.00  0.000     0  0.00  0  0  -0.175  -4.907   0.020   0.000   0.000   0.000 01O000M000 t
00006 PHE01A0003_001 f 0.00  0.000     0  0.00  0  0  -0.517  -8.738   1.062   0.000   0.000   0.000 01O000M000 t
00007 ARG01A0005_001 f 0.00  0.000     0  0.00  0  0  -1.273  -9.402   1.566  -2.115   1.679   0.000 01O000M000 t
00008 ARG02A0005_002 f 0.00  0.000     0  0.00  0  0  -1.301  -9.232   1.566  -0.700   2.806   0.000 02O000M000 t
00009 ARG02A0005_003 f 0.00  0.000     0  0.00  0  0  -1.223  -9.235   1.566  -0.352   2.602   0.000 02O000M000 t
00010 ARG03A0005_004 f 0.00  0.000     0  0.00  0  0  -1.307  -9.329   1.566  -1.426   2.697   0.000 03O000M000 t
00011 ARG+1A0005_005 f 0.00  1.000     0 12.50  0  1  -1.347  -9.415   1.566  -2.999   2.977   0.000 +1O000M000 t
00012 CYD01A0006_001 f 0.00  0.000     0  0.00  0  0   0.000  -3.548   0.000   0.000   0.000   0.000 01O000M000 t
00013 GLU01A0007_001 f 0.00  0.000     0  0.00  0  0  -0.271  -6.203   3.665   2.928   0.981   0.000 01O000M000 t
00014 GLU01A0007_002 f 0.00  0.000     0  0.00  0  0  -0.271  -6.203   0.945  -0.472   0.903   0.000 01O000M000 t
00015 GLU02A0007_003 f 0.00  0.000     0  0.00  0  0  -0.287  -6.217   3.665  -1.299   0.064   0.000 02O000M000 t
00016 GLU02A0007_004 f 0.00  0.000     0  0.00  0  0  -0.287  -6.217   0.945  -1.232   1.204   0.000 02O000M000 t
00017 GLU-1A0007_005 f 0.00 -1.000     0  4.75  0 -1  -0.289  -6.169   0.945  -2.994   1.917  -0.300 -1O000M000 t
00018 LEU01A0008_001 f 0.00  0.000     0  0.00  0  0  -0.371  -7.079   0.499   0.000   0.000   0.000 01O000M000 t
00019 ALA01A0009_001 f 0.00  0.000     0  0.00  0  0   0.000  -2.960   0.000   0.000   0.000   0.000 01O000M000 t
00020 ALA01A0010_001 f 0.00  0.000     0  0.00  0  0   0.000  -2.662   0.000   0.000   0.000   0.000 01O000M000 t
00021 ALA01A0011_001 f 0.00  0.000     0  0.00  0  0   0.000  -2.400   0.000   0.000   0.000   0.000 01O000M000 t
00022 MET01A0012_001 f 0.00  0.000     0  0.00  0  0  -0.311  -7.755   1.054  -0.012   0.098   0.000 01O000M000 t
00023 LYS01A0013_001 f 0.00  0.000     0  0.00  0  0  -0.568  -5.349   1.886  -0.025   0.365   0.000 01O000M000 t
00024 LYS+1A0013_002 f 0.00  1.000     0 10.40  0  1  -0.607  -5.361   1.886   0.257   1.195   0.400 +1O000M000 t
00025 ARG01A0014_001 f 0.00  0.000     0  0.00  0  0  -1.275  -7.268   1.275   0.037   1.080   0.000 01O000M000 t
00026 ARG02A0014_002 f 0.00  0.000     0  0.00  0  0  -1.313  -7.268   1.275   0.064   1.720   0.000 02O000M000 t
00027 ARG03A0014_003 f 0.00  0.000     0  0.00  0  0  -1.312  -7.262   1.275   0.039   1.715   0.000 03O000M000 t
00028 ARG+1A0014_004 f 0.00  1.000     0 12.50  0  1  -1.357  -7.290   1.275   0.167   0.887   0.000 +1O000M000 t
00029 HIS01A0015_001 f 0.00  0.000     0  0.00  0  0  -0.403  -7.323   0.258   1.058   2.271   0.000 01O000M000 t
00030 HIS01A0015_002 f 0.00  0.000     0  0.00  0  0  -0.425  -7.547   0.258   1.002   2.149   0.000 01H001M000 t
00031 HIS02A0015_003 f 0.00 -0.000     0  0.00  0  0  -0.419  -7.424   0.258  -1.354   2.458   0.000 02O000M000 t
00032 HIS02A0015_004 f 0.00 -0.000     0  0.00  0  0  -0.438  -7.646   0.258   0.267   2.203   0.000 02H001M000 t
00033 HIS+1A0015_005 f 0.00  1.000     0  6.98  0  1  -0.446  -7.461   0.258  -0.527   3.950  -1.000 +1O000M000 t
00034 HIS+1A0015_006 f 0.00  1.000     0  6.98  0  1  -0.465  -7.719   0.258   1.588   4.151  -1.000 +1H001M000 t
00035 LEU01A0017_001 f 0.00  0.000     0  0.00  0  0  -0.352  -6.723   0.731   0.000   0.000   0.000 01O000M000 t
00036 ASP01A0018_001 f 0.00  0.000     0  0.00  0  0  -0.081  -4.855   3.064   3.227   1.256   0.000 01O000M000 t
00037 ASP01A0018_002 f 0.00  0.000     0  0.00  0  0  -0.081  -4.855   0.344  -0.166   0.724   0.000 01O000M000 t
00038 ASP02A0018_003 f 0.00  0.000     0  0.00  0  0  -0.074  -4.880   3.064  -0.973   0.181   0.000 02O000M000 t
00039 ASP02A0018_004 f 0.00  0.000     0  0.00  0  0  -0.074  -4.880   0.344  -0.918   1.213   0.000 02O000M000 t
00040 ASP-1A0018_005 f 0.00 -1.000     0  4.75  0 -1  -0.082  -4.822   0.344  -3.643   1.784  -0.850 -1O000M000 t
00041 ASN01A0019_001 f 0.00  0.000     0  0.00  0  0  -0.135  -4.459   1.114  -0.225   0.389   0.000 01O000M000 t
00042 TYR01A0020_001 f 0.00  0.000     0  0.00  0  0  -0.722  -9.358   0.005   0.148   1.364   0.000 01O000M000 t
00043 TYR01A0020_002 f 0.00  0.000     0  0.00  0  0  -0.722  -9.358   0.005  -0.912   1.909   0.000 01O000M000 t
00044 TYR-1A0020_003 f 0.00 -1.000     0 10.20  0 -1  -0.722  -9.358   0.005   0.285   5.932  -0.500 -1O000M000 t
00045 ARG01A0021_001 f 0.00  0.000     0  0.00  0  0  -1.321  -5.278   1.155   0.053   0.364   0.000 01O000M000 t
00046 ARG02A0021_002 f 0.00  0.000     0  0.00  0  0  -1.261  -5.272   1.155   0.020   1.440   0.000 02O000M000 t
00047 ARG03A0021_003 f 0.00  0.000     0  0.00  0  0  -1.355  -5.285   1.155   0.113   1.540   0.000 03O000M000 t
00048 ARG+1A0021_004 f 0.00  1.000     0 12.50  0  1  -1.395  -5.299   1.155  -0.075   0.785   0.000 +1O000M000 t
00049 TYR01A0023_001 f 0.00  0.000     0  0.00  0  0  -0.740  -9.259   0.119  -0.580   0.916   0.000 01O000M000 t
00050 TYR-1A0023_002 f 0.00 -1.000     0 10.20  0 -1  -0.740  -9.259   0.119  -2.180   3.597  -0.500 -1O000M000 t
00051 SER01A0024_001 f 0.00  0.000     0  0.00  0  0   0.000  -2.835   0.394  -0.386   0.735   0.000 01O000M000 t
00052 SER01A0024_002 f 0.00  0.000     0  0.00  0  0   0.000  -2.835   0.019  -0.952   0.396   0.000 01O000M000 t
00053 SER01A0024_003 f 0.00  0.000     0  0.00  0  0   0.000  -2.879   3.175   0.770   0.644   0.000 01H001M000 t
00054 LEU01A0025_001 f 0.00  0.000     0  0.00  0  0  -0.346  -8.625   0.631   0.000   0.000   0.000 01O000M000 t
00055 ASN01A0027_001 f 0.00  0.000     0  0.00  0  0  -0.122  -5.850   1.466   0.377   1.646   0.000 01O000M000 t
00056 ASN01A0027_002 f 0.00  0.000     0  0.00  0  0  -0.124  -5.737   1.421   0.219   1.505   0.000 01R001M000 t
00057 TRP01A0028_001 f 0.00  0.000     0  0.00  0  0  -1.460 -12.420   0.001   0.000   0.000   0.000 01O000M000 t
00058 VAL01A0029_001 f 0.00  0.000     0  0.00  0  0  -0.158  -7.767   0.020   0.000   0.000   0.000 01O000M000 t
00059 CYD01A0030_001 f 0.00  0.000     0  0.00  0  0   0.000  -4.947   0.000   0.000   0.000   0.000 01O000M000 t
00060 ALA01A0031_001 f 0.00  0.000     0  0.00  0  0   0.000  -2.847   0.000   0.000   0.000   0.000 01O000M000 t
00061 ALA01A0032_001 f 0.00  0.000     0  0.00  0  0   0.000  -3.027   0.000   0.000   0.000   0.000 01O000M000 t
00062 LYS01A0033_001 f 0.00  0.000     0  0.00  0  0  -0.578  -5.903   1.079  -0.060   0.246   0.000 01O000M000 t
00063 LYS+1A0033_002 f 0.00  1.000     0 10.40  0  1  -0.625  -5.915   1.079   0.076   1.081   0.400 +1O000M000 t
00064 PHE01A0034_001 f 0.00  0.000     0  0.00  0  0  -0.519  -6.891   0.112   0.000   0.000   0.000 01O000M000 t
00065 GLU01A0035_001 f 0.00  0.000     0  0.00  0  0  -0.228 -10.150   3.293  -1.233   1.954   0.000 01O000M000 t
00066 GLU01A0035_002 f 0.00  0.000     0  0.00  0  0  -0.228 -10.150   0.573  -1.609   1.637   0.000 01O000M000 t
00067 GLU02A0035_003 f 0.00  0.000     0  0.00  0  0  -0.255 -10.171   3.293   1.429   1.861   0.000 02O000M000 t
00068 GLU02A0035_004 f 0.00  0.000     0  0.00  0  0  -0.255 -10.171   0.573   0.175   1.277   0.000 02O000M000 t
00069 GLU-1A0035_005 f 0.00 -1.000     0  4.75  0 -1  -0.255 -10.059   0.573  -3.446   5.157  -0.300 -1O000M000 t
00070 SER01A0036_001 f 0.00  0.000     0  0.00  0  0   0.000  -7.128   0.453  -1.776   1.978   0.000 01O000M000 t
00071 ASN01A0037_001 f 0.00  0.000     0  0.00  0  0  -0.136  -3.411   1.858   0.040   0.542   0.000 01O000M000 t
00072 ASN01A0037_002 f 0.00  0.000     0  0.00  0  0  -0.142  -3.145   2.118   0.167   0.390   0.000 01H001M000 t
00073 PHE01A0038_001 f 0.00  0.000     0  0.00  0  0  -0.517 -11.374   0.018   0.000   0.000   0.000 01O000M000 t
00074 ASN01A0039_001 f 0.00  0.000     0  0.00  0  0  -0.145  -6.773   0.272  -1.625   1.096   0.000 01O000M000 t
00075 ASN01A0039_002 f 0.00  0.000     0  0.00  0  0  -0.143  -6.850   0.267   2.041   0.913   0.000 01R001M000 t
00076 THR01A0040_001 f 0.00  0.000     0  0.00  0  0  -0.060  -7.035   0.418   0.107   1.929   0.000 01O000M000 t
00077 THR01A0040_002 f 0.00  0.000     0  0.00  0  0  -0.060  -7.035   0.418   0.252   1.950   0.000 01O000M000 t
00078 THR01A0040_003 f 0.00  0.000     0  0.00  0  0  -0.060  -7.035   0.043  -0.864   1.938   0.000 01O000M000 t
00079 GLN01A0041_001 f 0.00  0.000     0  0.00  0  0  -0.471  -3.548   1.657  -0.078   0.316   0.000 01O000M000 t
00080 GLN01A0041_002 f 0.00  0.000     0  0.00  0  0  -0.462  -3.523   1.540   0.120  -0.109   0.000 01R001M000 t
00081 ALA01A0042_001 f 0.00  0.000     0  0.00  0  0   0.000  -3.151   0.000   0.000   0.000   0.000 01O000M000 t
00082 THR01A0043_001 f 0.00  0.000     0  0.00  0  0  -0.064  -4.515   0.376  -0.470   0.040   0.000 01O000M000 t
00083 THR01A0043_002 f 0.00  0.000     0  0.00  0  0  -0.064  -4.515   0.001  -0.395   0.940   0.000 01O000M000 t
00084 ASN01A0044_001 f 0.00  0.000     0  0.00  0  0  -0.119  -4.406   0.609   0.287   0.741   0.000 01O000M000 t
00085 ASN01A0044_002 f 0.00  0.000     0  0.00  0  0  -0.123  -4.392   0.877   0.167   0.394   0.000 01R001M000 t
00086 ARG01A0045_001 f 0.00  0.000     0  0.00  0  0  -1.231  -3.657   0.901  -0.114   1.004   0.000 01O000M000 t
00087 ARG02A0045_002 f 0.00  0.000     0  0.00  0  0  -1.246  -3.656   0.901  -0.038   1.934   0.000 02O000M000 t
00088 ARG03A0045_003 f 0.00  0.000     0  0.00  0  0  -1.249  -3.659   0.901  -0.091   1.435   0.000 03O000M000 t
00089 ARG+1A0045_004 f 0.00  1.000     0 12.50  0  1  -1.293  -3.662   0.901   0.182   0.777   0.000 +1O000M000 t
00090 ASN01A0046_001 f 0.00  0.000     0  0.00  0  0  -0.128  -6.540   0.766   0.947   1.712   0.000 01O000M000 t
00091 ASN01A0046_002 f 0.00  0.000     0  0.00  0  0  -0.129  -6.395   0.852  -0.184   0.893   0.000 01R001M000 t
00092 ASN01A0046_003 f 0.00  0.000     0  0.00  0  0  -0.119  -6.250   0.600  -0.207   0.896   0.000 01H002M000 t
00093 ASN01A0046_004 f 0.00  0.000     0  0.00  0  0  -0.117  -6.367   0.681   1.008   1.552   0.000 01H003M000 t
00094 THR01A0047_001 f 0.00  0.000     0  0.00  0  0  -0.072  -2.429   0.446   0.045   0.009   0.000 01O000M000 t
00095 ASP01A0048_001 f 0.00  0.000     0  0.00  0  0  -0.084  -4.627   2.912   3.239   1.272   0.000 01O000M000 t
00096 ASP01A0048_002 f 0.00  0.000     0  0.00  0  0  -0.067  -4.489   3.499  -1.406   0.593   0.000 01H001M000 t
00097 ASP01A0048_003 f 0.00  0.000     0  0.00  0  0  -0.084  -4.627   0.192   0.259   1.377   0.000 01O000M000 t
00098 ASP01A0048_004 f 0.00  0.000     0  0.00  0  0  -0.067  -4.489   0.779  -1.209   1.799   0.000 01H001M000 t
00099 ASP02A0048_005 f 0.00  0.000     0  0.00  0  0  -0.079  -4.675   2.912  -2.211   0.792   0.000 02O000M000 t
00100 ASP02A0048_006 f 0.00  0.000     0  0.00  0  0  -0.072  -4.399   3.499   1.461   1.485   0.000 02H001M000 t
00101 ASP02A0048_007 f 0.00  0.000     0  0.00  0  0  -0.079  -4.675   0.192  -1.860   2.014   0.000 02O000M000 t
00102 ASP02A0048_008 f 0.00  0.000     0  0.00  0  0  -0.072  -4.399   0.779   0.721   1.653   0.000 02H001M000 t
00103 ASP-1A0048_009 f 0.00 -1.000     0  4.75  0 -1  -0.086  -4.612   0.192  -5.619   5.204  -0.850 -1O000M000 t
00104 ASP-1A0048_010 f 0.00 -1.000     0  4.75  0 -1  -0.074  -4.420   0.779  -5.065   5.139  -0.850 -1H001M000 t
00105 SER01A0050_001 f 0.00  0.000     0  0.00  0  0   0.000  -3.460   0.735  -0.202   1.594   0.000 01O000M000 t
00106 SER01A0050_002 f 0.00  0.000     0  0.00  0  0   0.000  -3.460   0.735  -0.019   1.653   0.000 01O000M000 t
00107 SER01A0050_003 f 0.00  0.000     0  0.00  0  0   0.000  -3.460   0.360  -1.340   0.754   0.000 01O000M000 t
00108 THR01A0051_001 f 0.00  0.000     0  0.00  0  0  -0.058  -6.170   0.376  -0.493   1.441   0.000 01O000M000 t
00109 THR01A0051_002 f 0.00  0.000     0  0.00  0  0  -0.058  -6.170   0.376  -0.149   1.450   0.000 01O000M000 t
00110 THR01A0051_003 f 0.00  0.000     0  0.00  0  0  -0.058  -6.170   0.001  -0.457   1.619   0.000 01O000M000 t
00111 ASP01A0052_001 f 0.00  0.000     0  0.00  0  0  -0.059  -6.781   3.269   1.090   1.556   0.000 01O000M000 t
00112 ASP01A0052_002 f 0.00  0.000     0  0.00  0  0  -0.049  -6.760   3.650   0.804   1.449   0.000 01H001M000 t
00113 ASP01A0052_003 f 0.00  0.000     0  0.00  0  0  -0.059  -6.781   0.549   0.219   0.987   0.000 01O000M000 t
00114 ASP01A0052_004 f 0.00  0.000     0  0.00  0  0  -0.049  -6.760   0.930   0.369   1.238   0.000 01H001M000 t
00115 ASP02A0052_005 f 0.00  0.000     0  0.00  0  0  -0.052  -6.776   3.269   0.079   1.258   0.000 02O000M000 t
00116 ASP02A0052_006 f 0.00  0.000     0  0.00  0  0  -0.045  -6.784   3.650  -0.058   1.370   0.000 02H001M000 t
00117 ASP02A0052_007 f 0.00  0.000     0  0.00  0  0  -0.052  -6.776   0.549  -0.075   1.459   0.000 02O000M000 t
00118 ASP02A0052_008 f 0.00  0.000     0  0.00  0  0  -0.045  -6.784   0.930   0.068   1.654   0.000 02H001M000 t
00119 ASP-1A0052_009 f 0.00 -1.000     0  4.75  0 -1  -0.062  -6.686   0.549  -1.913   4.084  -0.850 -1O000M000 t
00120 ASP-1A0052_010 f 0.00 -1.000     0  4.75  0 -1  -0.054  -6.683   0.930  -1.696   4.257  -0.850 -1H001M000 t
00121 TYR01A0053_001 f 0.00  0.000     0  0.00  0  0  -0.732 -10.933   0.097  -0.400   1.823   0.000 01O000M000 t
00122 TYR01A0053_002 f 0.00  0.000     0  0.00  0  0  -0.732 -10.933   0.097   0.557   1.997   0.000 01O000M000 t
00123 TYR-1A0053_003 f 0.00 -1.000     0 10.20  0 -1  -0.732 -10.933   0.097  -1.880   8.072  -0.500 -1O000M000 t
00124 ILE01A0055_001 f 0.00  0.000     0  0.00  0  0  -0.430  -8.645   1.250   0.000   0.000   0.000 01O000M000 t
00125 LEU01A0056_001 f 0.00  0.000     0  0.00  0  0  -0.353  -6.613   0.876   0.000   0.000   0.000 01O000M000 t
00126 GLN01A0057_001 f 0.00  0.000     0  0.00  0  0  -0.419 -11.984   1.671  -1.738   2.360   0.000 01O000M000 t
00127 GLN01A0057_002 f 0.00  0.000     0  0.00  0  0  -0.412 -11.842   1.698   0.994   2.362   0.000 01R001M000 t
00128 ILE01A0058_001 f 0.00  0.000     0  0.00  0  0  -0.431  -8.106   0.628   0.000   0.000   0.000 01O000M000 t
00129 ASN01A0059_001 f 0.00  0.000     0  0.00  0  0  -0.126  -6.434   1.213  -0.899   1.545   0.000 01O000M000 t
00130 ASN01A0059_002 f 0.00  0.000     0  0.00  0  0  -0.126  -6.352   1.215   0.575   1.598   0.000 01R001M000 t
00131 ASN01A0059_003 f 0.00  0.000     0  0.00  0  0  -0.141  -6.057   0.264  -2.606   2.087   0.000 01H002M000 t
00132 ASN01A0059_004 f 0.00  0.000     0  0.00  0  0  -0.139  -6.204   0.265   2.917   1.748   0.000 01H003M000 t
00133 SER01A0060_001 f 0.00  0.000     0  0.00  0  0   0.000  -4.797   0.418   2.032   1.977   0.000 01O000M000 t
00134 SER01A0060_002 f 0.00  0.000     0  0.00  0  0   0.000  -4.637   0.814  -1.653   1.971   0.000 01H001M000 t
00135 SER01A0060_003 f 0.00  0.000     0  0.00  0  0   0.000  -4.797   0.418  -0.561   1.982   0.000 01O000M000 t
00136 SER01A0060_004 f 0.00  0.000     0  0.00  0  0   0.000  -4.797   0.043  -1.040   1.970   0.000 01O000M000 t
00137 SER01A0060_005 f 0.00  0.000     0  0.00  0  0   0.000  -4.637   0.814  -0.807   1.982   0.000 01H001M000 t
00138 SER01A0060_006 f 0.00  0.000     0  0.00  0  0   0.000  -4.637   0.439   0.799   1.977   0.000 01H001M000 t
00139 ARG01A0061_001 f 0.00  0.000     0  0.00  0  0  -1.365  -7.636   0.583  -0.532   1.664   0.000 01O000M000 t
00140 ARG02A0061_002 f 0.00  0.000     0  0.00  0  0  -1.416  -7.612   0.583  -0.211   2.737   0.000 02O000M000 t
00141 ARG03A0061_003 f 0.00  0.000     0  0.00  0  0  -1.422  -7.567   0.583   0.069   2.369   0.000 03O000M000 t
00142 ARG03A0061_004 f 0.00  0.000     0  0.00  0  0  -1.415  -7.622   0.583  -0.724   2.608   0.000 03O000M000 t
00143 ARG+1A0061_005 f 0.00  1.000     0 12.50  0  1  -1.461  -7.650   0.583   0.776   2.207   0.000 +1O000M000 t
00144 TRP01A0062_001 f 0.00  0.000     0  0.00  0  0  -1.507  -4.306   0.352   0.000   0.000   0.000 01O000M000 t
00145 TRP01A0063_001 f 0.00  0.000     0  0.00  0  0  -1.449 -11.380   0.018   0.000   0.000   0.000 01O000M000 t
00146 CYD01A0064_001 f 0.00  0.000     0  0.00  0  0   0.000  -6.154   0.000   0.000   0.000   0.000 01O000M000 t
00147 ASN01A0065_001 f 0.00  0.000     0  0.00  0  0  -0.130  -5.432   0.329  -1.190   0.703   0.000 01O000M000 t
00148 ASN01A0065_002 f 0.00  0.000     0  0.00  0  0  -0.130  -5.484   0.292   1.567   0.717   0.000 01R001M000 t
00149 ASP01A0066_001 f 0.00  0.000     0  0.00  0  0  -0.075  -6.010   2.882   2.900   2.688   0.000 01O000M000 t
00150 ASP01A0066_002 f 0.00  0.000     0  0.00  0  0  -0.056  -6.182   3.535  -0.995   2.727   0.000 01H001M000 t
00151 ASP01A0066_003 f 0.00  0.000     0  0.00  0  0  -0.076  -6.059   2.877  -2.247   2.566   0.000 01H002M000 t
00152 ASP01A0066_004 f 0.00  0.000     0  0.00  0  0  -0.075  -6.010   0.162  -0.054   2.884   0.000 01O000M000 t
00153 ASP01A0066_005 f 0.00  0.000     0  0.00  0  0  -0.056  -6.182   0.815  -0.609   2.880   0.000 01H001M000 t
00154 ASP01A0066_006 f 0.00  0.000     0  0.00  0  0  -0.076  -6.059   0.157  -1.651   2.849   0.000 01H002M000 t
00155 ASP02A0066_007 f 0.00  0.000     0  0.00  0  0  -0.069  -6.083   2.882  -2.182   2.777   0.000 02O000M000 t
00156 ASP02A0066_008 f 0.00  0.000     0  0.00  0  0  -0.061  -6.054   3.535   0.579   2.843   0.000 02H001M000 t
00157 ASP02A0066_009 f 0.00  0.000     0  0.00  0  0  -0.081  -5.994   2.877   2.849   2.884   0.000 02H002M000 t
00158 ASP02A0066_010 f 0.00  0.000     0  0.00  0  0  -0.069  -6.083   0.162  -1.607   3.052   0.000 02O000M000 t
00159 ASP02A0066_011 f 0.00  0.000     0  0.00  0  0  -0.061  -6.054   0.815  -0.007   3.093   0.000 02H001M000 t
00160 ASP02A0066_012 f 0.00  0.000     0  0.00  0  0  -0.081  -5.994   0.157   0.078   3.077   0.000 02H002M000 t
00161 ASP-1A0066_013 f 0.00 -1.000     0  4.75  0 -1  -0.077  -5.973   0.162  -8.722  13.037  -0.850 -1O000M000 t
00162 ASP-1A0066_014 f 0.00 -1.000     0  4.75  0 -1  -0.064  -6.048   0.815  -8.254  13.157  -0.850 -1H001M000 t
00163 ASP-1A0066_015 f 0.00 -1.000     0  4.75  0 -1  -0.083  -5.949   0.157  -8.725  13.013  -0.850 -1H002M000 t
00164 ARG01A0068_001 f 0.00  0.000     0  0.00  0  0  -1.463  -4.650   1.174  -0.133   1.535   0.000 01O000M000 t
00165 ARG02A0068_002 f 0.00  0.000     0  0.00  0  0  -1.507  -4.666   1.174  -0.152   2.332   0.000 02O000M000 t
00166 ARG02A0068_003 f 0.00  0.000     0  0.00  0  0  -1.465  -4.667   1.174  -0.072   1.748   0.000 02O000M000 t
00167 ARG03A0068_004 f 0.00  0.000     0  0.00  0  0  -1.509  -4.665   1.174  -0.308   2.421   0.000 03O000M000 t
00168 ARG03A0068_005 f 0.00  0.000     0  0.00  0  0  -1.501  -4.660   1.174  -0.209   2.293   0.000 03O000M000 t
00169 ARG+1A0068_006 f 0.00  1.000     0 12.50  0  1  -1.550  -4.673   1.174   0.227   1.724   0.000 +1O000M000 t
00170 THR01A0069_001 f 0.00  0.000     0  0.00  0  0  -0.060  -8.270   0.388  -1.303   1.928   0.000 01O000M000 t
00171 THR01A0069_002 f 0.00  0.000     0  0.00  0  0  -0.060  -8.270   0.388   0.526   1.963   0.000 01O000M000 t
00172 THR01A0069_003 f 0.00  0.000     0  0.00  0  0  -0.060  -8.270   0.013   0.388   1.964   0.000 01O000M000 t
00173 PRO01A0070_001 f 0.00  0.000     0  0.00  0  0  -0.125  -4.309   0.000   0.000   0.000   0.000 01O000M000 t
00174 SER01A0072_001 f 0.00  0.000     0  0.00  0  0   0.000  -4.077   0.455   0.024   1.006   0.000 01O000M000 t
00175 SER01A0072_002 f 0.00  0.000     0  0.00  0  0   0.000  -4.077   0.455   0.008   1.558   0.000 01O000M000 t
00176 SER01A0072_003 f 0.00  0.000     0  0.00  0  0   0.000  -4.215   0.553  -0.687   1.630   0.000 01H001M000 t
00177 SER01A0072_004 f 0.00  0.000     0  0.00  0  0   0.000  -4.215   0.178  -0.474   1.282   0.000 01H001M000 t
00178 ARG01A0073_001 f 0.00  0.000     0  0.00  0  0  -1.046  -5.706   0.864   0.095   0.651   0.000 01O000M000 t
00179 ARG02A0073_002 f 0.00  0.000     0  0.00  0  0  -1.027  -5.721   0.864  -0.005   1.510   0.000 02O000M000 t
00180 ARG03A0073_003 f 0.00  0.000     0  0.00  0  0  -1.089  -5.721   0.864   0.005   1.415   0.000 03O000M000 t
00181 ARG+1A0073_004 f 0.00  1.000     0 12.50  0  1  -1.133  -5.725   0.864  -0.087   1.050   0.000 +1O000M000 t
00182 ASN01A0074_001 f 0.00  0.000     0  0.00  0  0  -0.143  -9.593   0.552  -2.364   2.222   0.000 01O000M000 t
00183 ASN01A0074_002 f 0.00  0.000     0  0.00  0  0  -0.142  -9.680   0.547   3.263   1.978   0.000 01R001M000 t
00184 LEU01A0075_001 f 0.00  0.000     0  0.00  0  0  -0.375  -6.032   0.407   0.000   0.000   0.000 01O000M000 t
00185 CYD01A0076_001 f 0.00  0.000     0  0.00  0  0   0.000  -4.670   0.000   0.000   0.000   0.000 01O000M000 t
00186 ASN01A0077_001 f 0.00  0.000     0  0.00  0  0  -0.137  -3.024   0.789  -0.014   0.069   0.000 01O000M000 t
00187 ILE01A0078_001 f 0.00  0.000     0  0.00  0  0  -0.402  -8.422   0.582   0.000   0.000   0.000 01O000M000 t
00188 PRO01A0079_001 f 0.00  0.000     0  0.00  0  0  -0.128  -4.162   0.000   0.000   0.000   0.000 01O000M000 t
00189 CYD01A0080_001 f 0.00  0.000     0  0.00  0  0   0.000  -5.325   0.000   0.000   0.000   0.000 01O000M000 t
00190 SER01A0081_001 f 0.00  0.000     0  0.00  0  0   0.000  -2.175   0.384   0.246   0.697   0.000 01O000M000 t
00191 ALA01A0082_001 f 0.00  0.000     0  0.00  0  0   0.000  -2.029   0.000   0.000   0.000   0.000 01O000M000 t
00192 LEU01A0083_001 f 0.00  0.000     0  0.00  0  0  -0.350  -9.812   0.425   0.000   0.000   0.000 01O000M000 t
00193 LEU01A0084_001 f 0.00  0.000     0  0.00  0  0  -0.358  -9.712   0.408   0.000   0.000   0.000 01O000M000 t
00194 SER01A0085_001 f 0.00  0.000     0  0.00  0  0   0.000  -4.110   0.377  -0.158   1.640   0.000 01O000M000 t
00195 SER01A0085_002 f 0.00  0.000     0  0.00  0  0   0.000  -4.110   0.377  -2.714   1.618   0.000 01O000M000 t
00196 SER01A0085_003 f 0.00  0.000     0  0.00  0  0   0.000  -4.110   0.002   0.469   0.449   0.000 01O000M000 t
00197 SER01A0086_001 f 0.00  0.000     0  0.00  0  0   0.000  -1.607   0.551  -0.216   1.141   0.000 01O000M000 t
00198 SER01A0086_002 f 0.00  0.000     0  0.00  0  0   0.000  -1.607   0.176  -0.183   0.123   0.000 01O000M000 t
00199 ASP01A0087_001 f 0.00  0.000     0  0.00  0  0  -0.038  -4.080   3.569   0.988   0.039   0.000 01O000M000 t
00200 ASP01A0087_002 f 0.00  0.000     0  0.00  0  0  -0.038  -4.080   0.849   0.805   1.155   0.000 01O000M000 t
00201 ASP02A0087_003 f 0.00  0.000     0  0.00  0  0  -0.027  -4.114   3.569   0.032  -0.078   0.000 02O000M000 t
00202 ASP02A0087_004 f 0.00  0.000     0  0.00  0  0  -0.027  -4.114   0.849   0.169   1.163   0.000 02O000M000 t
00203 ASP-1A0087_005 f 0.00 -1.000     0  4.75  0 -1  -0.040  -4.043   0.849  -2.564   1.817  -0.850 -1O000M000 t
00204 ILE01A0088_001 f 0.00  0.000     0  0.00  0  0  -0.439  -6.327   0.570   0.000   0.000   0.000 01O000M000 t
00205 THR01A0089_001 f 0.00  0.000     0  0.00  0  0  -0.059  -2.934   0.476  -0.447   1.128   0.000 01O000M000 t
00206 THR01A0089_002 f 0.00  0.000     0  0.00  0  0  -0.059  -2.934   0.476   0.672   1.167   0.000 01O000M000 t
00207 THR01A0089_003 f 0.00  0.000     0  0.00  0  0  -0.059  -2.934   0.101  -0.942   0.575   0.000 01O000M000 t
00208 ALA01A0090_001 f 0.00  0.000     0  0.00  0  0   0.000  -2.242   0.000   0.000   0.000   0.000 01O000M000 t
00209 SER01A0091_001 f 0.00  0.000     0  0.00  0  0   0.000  -4.015   0.584  -0.197   1.975   0.000 01O000M000 t
00210 SER01A0091_002 f 0.00  0.000     0  0.00  0  0   0.000  -4.015   0.584  -0.322   1.973   0.000 01O000M000 t
00211 SER01A0091_003 f 0.00  0.000     0  0.00  0  0   0.000  -3.684   0.836  -0.720   1.326   0.000 01H001M000 t
00212 SER01A0091_004 f 0.00  0.000     0  0.00  0  0   0.000  -3.684   0.461  -0.480   1.779   0.000 01H001M000 t
00213 SER01A0091_005 f 0.00  0.000     0  0.00  0  0   0.000  -3.637   0.051   0.011   1.867   0.000 01H002M000 t
00214 VAL01A0092_001 f 0.00  0.000     0  0.00  0  0  -0.164  -6.228   0.275   0.000   0.000   0.000 01O000M000 t
00215 ASN01A0093_001 f 0.00  0.000     0  0.00  0  0  -0.139  -4.973   0.472   0.218   0.562   0.000 01O000M000 t
00216 ASN01A0093_002 f 0.00  0.000     0  0.00  0  0  -0.138  -4.978   0.488   0.332   0.671   0.000 01R001M000 t
00217 CYD01A0094_001 f 0.00  0.000     0  0.00  0  0   0.000  -4.401   0.000   0.000   0.000   0.000 01O000M000 t
00218 ALA01A0095_001 f 0.00  0.000     0  0.00  0  0   0.000  -2.528   0.000   0.000   0.000   0.000 01O000M000 t
00219 LYS01A0096_001 f 0.00  0.000     0  0.00  0  0  -0.583  -7.332   1.150   0.137   0.241   0.000 01O000M000 t
00220 LYS+1A0096_002 f 0.00  1.000     0 10.40  0  1  -0.633  -7.375   1.150  -1.902   1.954   0.400 +1O000M000 t
00221 LYS01A0097_001 f 0.00  0.000     0  0.00  0  0  -0.631  -6.878   1.377   0.015  -0.049   0.000 01O000M000 t
00222 LYS+1A0097_002 f 0.00  1.000     0 10.40  0  1  -0.677  -6.885   1.377  -0.347   0.053   0.400 +1O000M000 t
00223 ILE01A0098_001 f 0.00  0.000     0  0.00  0  0  -0.442  -7.472   0.561   0.000   0.000   0.000 01O000M000 t
00224 VAL01A0099_001 f 0.00  0.000     0  0.00  0  0  -0.174  -6.842   0.076   0.000   0.000   0.000 01O000M000 t
00225 SER01A0100_001 f 0.00  0.000     0  0.00  0  0   0.000  -3.418   0.552   0.040   0.418   0.000 01O000M000 t
00226 SER01A0100_002 f 0.00  0.000     0  0.00  0  0   0.000  -3.418   0.552  -1.128   1.379   0.000 01O000M000 t
00227 SER01A0100_003 f 0.00  0.000     0  0.00  0  0   0.000  -3.418   0.177  -0.082   0.285   0.000 01O000M000 t
00228 ASP01A0101_001 f 0.00  0.000     0  0.00  0  0  -0.083  -3.895   4.091   0.347   0.339   0.000 01O000M000 t
00229 ASP01A0101_002 f 0.00  0.000     0  0.00  0  0  -0.083  -3.895   1.371   0.085   0.887   0.000 01O000M000 t
00230 ASP02A0101_003 f 0.00  0.000     0  0.00  0  0  -0.077  -3.943   4.091   0.143   1.134   0.000 02O000M000 t
00231 ASP02A0101_004 f 0.00  0.000     0  0.00  0  0  -0.077  -3.943   1.371   0.055   0.980   0.000 02O000M000 t
00232 ASP-1A0101_005 f 0.00 -1.000     0  4.75  0 -1  -0.084  -3.878   1.371   0.209   2.344  -0.850 -1O000M000 t
00233 ASN01A0103_001 f 0.00  0.000     0  0.00  0  0  -0.124  -6.540   1.064  -0.991   1.077   0.000 01O000M000 t
00234 ASN01A0103_002 f 0.00  0.000     0  0.00  0  0  -0.124  -6.430   1.004   0.636   0.988   0.000 01R001M000 t
00235 MET01A0105_001 f 0.00  0.000     0  0.00  0  0  -0.356  -5.413   1.107   0.064   0.097   0.000 01O000M000 t
00236 ASN01A0106_001 f 0.00  0.000     0  0.00  0  0  -0.124  -3.565   0.915   0.414   1.054   0.000 01O000M000 t
00237 ASN01A0106_002 f 0.00  0.000     0  0.00  0  0  -0.124  -3.534   1.081   0.234   0.870   0.000 01R001M000 t
00238 ALA01A0107_001 f 0.00  0.000     0  0.00  0  0   0.000  -2.055   0.000   0.000   0.000   0.000 01O000M000 t
00239 TRP01A0108_001 f 0.00  0.000     0  0.00  0  0  -1.452 -11.883   0.337   0.000   0.000   0.000 01O000M000 t
00240 VAL01A0109_001 f 0.00  0.000     0  0.00  0  0  -0.161  -3.308   0.064   0.000   0.000   0.000 01O000M000 t
00241 ALA01A0110_001 f 0.00  0.000     0  0.00  0  0   0.000  -2.850   0.000   0.000   0.000   0.000 01O000M000 t
00242 TRP01A0111_001 f 0.00  0.000     0  0.00  0  0  -1.458 -14.290   0.000   0.000   0.000   0.000 01O000M000 t
00243 ARG01A0112_001 f 0.00  0.000     0  0.00  0  0  -1.202  -7.646   2.396  -0.583   1.583   0.000 01O000M000 t
00244 ARG02A0112_002 f 0.00  0.000     0  0.00  0  0  -1.219  -7.721   2.396  -0.976   2.054   0.000 02O000M000 t
00245 ARG03A0112_003 f 0.00  0.000     0  0.00  0  0  -1.276  -7.705   2.396  -0.949   2.248   0.000 03O000M000 t
00246 ARG03A0112_004 f 0.00  0.000     0  0.00  0  0  -1.270  -7.626   2.396   0.245   1.780   0.000 03O000M000 t
00247 ARG+1A0112_005 f 0.00  1.000     0 12.50  0  1  -1.315  -7.728   2.396  -0.964   3.037   0.000 +1O000M000 t
00248 ASN01A0113_001 f 0.00  0.000     0  0.00  0  0  -0.147  -4.384   0.449   0.185   0.293   0.000 01O000M000 t
00249 ASN01A0113_002 f 0.00  0.000     0  0.00  0  0  -0.146  -4.402   0.461   0.243   0.163   0.000 01R001M000 t
00250 ARG01A0114_001 f 0.00  0.000     0  0.00  0  0  -1.094  -5.107   0.769   0.040   0.492   0.000 01O000M000 t
00251 ARG02A0114_002 f 0.00  0.000     0  0.00  0  0  -1.161  -5.123   0.769  -0.003   1.616   0.000 02O000M000 t
00252 ARG03A0114_003 f 0.00  0.000     0  0.00  0  0  -1.167  -5.124   0.769  -0.010   1.495   0.000 03O000M000 t
00253 ARG+1A0114_004 f 0.00  1.000     0 12.50  0  1  -1.205  -5.126   0.769  -0.086   0.363   0.000 +1O000M000 t
00254 CYD01A0115_001 f 0.00  0.000     0  0.00  0  0   0.000  -5.769   0.000   0.000   0.000   0.000 01O000M000 t
00255 LYS01A0116_001 f 0.00  0.000     0  0.00  0  0  -0.541  -5.217   0.936  -0.053   0.209   0.000 01O000M000 t
00256 LYS+1A0116_002 f 0.00  1.000     0 10.40  0  1  -0.592  -5.222   0.936   0.106   0.801   0.400 +1O000M000 t
00257 THR01A0118_001 f 0.00  0.000     0  0.00  0  0  -0.070  -6.266   0.788  -2.090   1.536   0.000 01O000M000 t
00258 THR01A0118_002 f 0.00  0.000     0  0.00  0  0  -0.070  -6.266   0.412  -0.536   1.045   0.000 01O000M000 t
00259 ASP01A0119_001 f 0.00  0.000     0  0.00  0  0  -0.083  -3.970   3.043   1.374   0.461   0.000 01O000M000 t
00260 ASP01A0119_002 f 0.00  0.000     0  0.00  0  0  -0.083  -3.970   0.323   0.351   1.095   0.000 01O000M000 t
00261 ASP02A0119_003 f 0.00  0.000     0  0.00  0  0  -0.078  -4.033   3.043  -0.799   0.111   0.000 02O000M000 t
00262 ASP02A0119_004 f 0.00  0.000     0  0.00  0  0  -0.078  -4.033   0.323  -0.601   1.602   0.000 02O000M000 t
00263 ASP-1A0119_005 f 0.00 -1.000     0  4.75  0 -1  -0.085  -3.968   0.323  -2.244   2.804  -0.850 -1O000M000 t
00264 VAL01A0120_001 f 0.00  0.000     0  0.00  0  0  -0.168  -7.674   0.078   0.000   0.000   0.000 01O000M000 t
00265 GLN01A0121_001 f 0.00  0.000     0  0.00  0  0  -0.430  -3.334   1.159   0.069   0.081   0.000 01O000M000 t
00266 GLN01A0121_002 f 0.00  0.000     0  0.00  0  0  -0.431  -3.313   1.161   0.161  -0.225   0.000 01R001M000 t
00267 ALA01A0122_001 f 0.00  0.000     0  0.00  0  0   0.000  -1.842   0.000   0.000   0.000   0.000 01O000M000 t
00268 TRP01A0123_001 f 0.00  0.000     0  0.00  0  0  -1.459 -10.586   0.246   0.000   0.000   0.000 01O000M000 t
00269 ILE01A0124_001 f 0.00  0.000     0  0.00  0  0  -0.399  -7.560   0.516   0.000   0.000   0.000 01O000M000 t
00270 ARG01A0125_001 f 0.00  0.000     0  0.00  0  0  -1.315  -6.619   0.797  -0.132   1.203   0.000 01O000M000 t
00271 ARG02A0125_002 f 0.00  0.000     0  0.00  0  0  -1.374  -6.621   0.797  -0.086   1.950   0.000 02O000M000 t
00272 ARG03A0125_003 f 0.00  0.000     0  0.00  0  0  -1.378  -6.608   0.797  -0.251   1.817   0.000 03O000M000 t
00273 ARG03A0125_004 f 0.00  0.000     0  0.00  0  0  -1.370  -6.611   0.797  -0.197   1.748   0.000 03O000M000 t
00274 ARG+1A0125_005 f 0.00  1.000     0 12.50  0  1  -1.418  -6.637   0.797   0.395   1.218   0.000 +1O000M000 t
00275 CYD01A0127_001 f 0.00  0.000     0  0.00  0  0   0.000  -5.331   0.000   0.000   0.000   0.000 01O000M000 t
00276 ARG01A0128_001 f 0.00  0.000     0  0.00  0  0  -1.196  -2.358   5.594   0.025   0.174   0.000 01O000M000 t
00277 ARG02A0128_002 f 0.00  0.000     0  0.00  0  0  -1.212  -2.359   5.594   0.025   0.698   0.000 02O000M000 t
00278 ARG03A0128_003 f 0.00  0.000     0  0.00  0  0  -1.201  -2.359   5.594   0.019   0.798   0.000 03O000M000 t
00279 ARG+1A0128_004 f 0.00  1.000     0 12.50  0  1  -1.252  -2.360   5.594   0.144  -0.632   0.000 +1O000M000 t
00280 LEU01A0129_001 f 0.00  0.000     0  0.00  0  0  -0.366  -6.225   1.829   0.000   0.000   0.000 01O000M000 t
00281 CTR01A0129_001 f 0.00  0.000     0  0.00  0  0  -0.025  -1.771   2.720  -0.224   0.356   0.000 01O000M000 t
00282 CTR01A0129_002 f 0.00  0.000     0  0.00  0  0  -0.008  -1.702   0.000  -0.079  -0.465   0.000 01O000M000 t
00283 CTR02A0129_003 f 0.00  0.000     0  0.00  0  0  -0.025  -1.708   2.720   0.038  -1.053   0.000 02O000M000 t
00284 CTR02A0129_004 f 0.00  0.000     0  0.00  0  0  -0.007  -1.677   0.000  -0.029  -0.388   0.000 02O000M000 t
00285 CTR-1A0129_005 f 0.00 -1.000     0  3.75  0 -1   0.000  -1.622   0.000  -0.123   1.599   0.000 -1O000M000 t
00286 HOH01A1001_001 f 0.00  0.000     0  0.00  0  0   0.000  -2.500   0.000  -2.406   2.252   0.000 01O000M000 t
00287 HOH01A1001_002 f 0.00  0.000     0  0.00  0  0   0.000  -2.500   0.000  -1.489   2.251   0.000 01O000H022 t
00288 HOHDMA1001_003 f 0.00  0.000     0  0.00  0  0   0.000   0.000   0.000   0.000   0.000   0.000         DM d
00289 HOH01A1002_001 f 0.00  0.000     0  0.00  0  0   0.000  -1.574   0.000  -0.408   1.649   0.000 01O000M000 t
00290 HOH01A1002_002 f 0.00  0.000     0  0.00  0  0   0.000  -1.574   0.000   0.626   1.780   0.000 01O000M000 t
00291 HOH01A1002_003 f 0.00  0.000     0  0.00  0  0   0.000  -1.574   0.000  -0.192   1.824   0.000 01O000H012 t
00292 HOH01A1002_004 f 0.00  0.000     0  0.00  0  0   0.000  -1.574   0.000   0.311   1.742   0.000 01O000H176 t
00293 HOH01A1002_005 f 0.00  0.000     0  0.00  0  0   0.000  -1.574   0.000  -0.043   1.723   0.000 01O000H203 t
00294 HOH01A1002_006 f 0.00  0.000     0  0.00  0  0   0.000  -1.574   0.000   0.491   1.756   0.000 01O000H220 t
00295 HOH01A1002_007 f 0.00  0.000     0  0.00  0  0   0.000  -1.574   0.000   0.838   1.856   0.000 01O000H254 t
00296 HOH01A1002_008 f 0.00  0.000     0  0.00  0  0   0.000  -1.574   0.000   0.783   1.776   0.000 01O000H256 t
00297 HOH01A1002_009 f 0.00  0.000     0  0.00  0  0   0.000  -1.574   0.000   0.626   1.843   0.000 01O000H260 t
00298 HOH01A1002_010 f 0.00  0.000     0  0.00  0  0   0.000  -1.574   0.000   0.606   1.878   0.000 01O000H273 t
00299 HOHDMA1002_011 f 0.00  0.000     0  0.00  0  0   0.000   0.000   0.000   0.000   0.000   0.000         DM d
00300 HOH01A1003_001 f 0.00  0.000     0  0.00  0  0   0.000  -2.211   0.000  -1.837   2.048   0.000 01O000M000 t
00301 HOH01A1003_002 f 0.00  0.000     0  0.00  0  0   0.000  -2.211   0.000  -0.552   1.939   0.000 01O000M000 t
00302 HOH01A1003_003 f 0.00  0.000     0  0.00  0  0   0.000  -2.211   0.000  -2.621   1.824   0.000 01O000M000 t
00303 HOH01A1003_004 f 0.00  0.000     0  0.00  0  0   0.000  -2.211   0.000  -2.072   2.032   0.000 01O000H153 t
00304 HOHDMA1003_005 f 0.00  0.000     0  0.00  0  0   0.000   0.000   0.000   0.000   0.000   0.000         DM d
00305 HOH01A1004_001 f 0.00  0.000     0  0.00  0  0   0.000  -2.200   0.000  -0.334   2.253   0.000 01O000M000 t
00306 HOH01A1004_002 f 0.00  0.000     0  0.00  0  0   0.000  -2.200   0.000   4.822   2.247   0.000 01O000M000 t
00307 HOH01A1004_003 f 0.00  0.000     0  0.00  0  0   0.000  -2.200   0.000  -1.664   2.249   0.000 01O000M000 t
00308 HOH01A1004_004 f 0.00  0.000     0  0.00  0  0   0.000  -2.200   0.000  -0.815   2.254   0.000 01O000M000 t
00309 HOH01A1004_005 f 0.00  0.000     0  0.00  0  0   0.000  -2.200   0.000  -1.102   2.253   0.000 01O000H006 t
00310 HOH01A1004_006 f 0.00  0.000     0  0.00  0  0   0.000  -2.200   0.000  -3.026   2.253   0.000 01O000H040 t
00311 HOH01A1004_007 f 0.00  0.000     0  0.00  0  0   0.000  -2.200   0.000  -2.845   2.253   0.000 01O000H042 t
00312 HOH01A1004_008 f 0.00  0.000     0  0.00  0  0   0.000  -2.200   0.000  -2.778   2.253   0.000 01O000H043 t
00313 HOH01A1004_009 f 0.00  0.000     0  0.00  0  0   0.000  -2.200   0.000  -2.663   2.254   0.000 01O000H047 t
00314 HOH01A1004_010 f 0.00  0.000     0  0.00  0  0   0.000  -2.200   0.000  -0.149   2.255   0.000 01O000H054 t
00315 HOHDMA1004_011 f 0.00  0.000     0  0.00  0  0   0.000   0.000   0.000   0.000   0.000   0.000         DM d
00316 HOH01A1007_001 f 0.00  0.000     0  0.00  0  0   0.000  -2.937   0.000   2.317   2.217   0.000 01O000M000 t
00317 HOH01A1007_002 f 0.00  0.000     0  0.00  0  0   0.000  -2.937   0.000  -0.011   2.214   0.000 01O000H002 t
00318 HOH01A1007_003 f 0.00  0.000     0  0.00  0  0   0.000  -2.937   0.000   0.655   2.188   0.000 01O000H010 t
00319 HOH01A1007_004 f 0.00  0.000     0  0.00  0  0   0.000  -2.937   0.000  -1.143   2.194   0.000 01O000H012 t
00320 HOH01A1007_005 f 0.00  0.000     0  0.00  0  0   0.000  -2.937   0.000  -0.864   2.185   0.000 01O000H013 t
00321 HOH01A1007_006 f 0.00  0.000     0  0.00  0  0   0.000  -2.937   0.000   1.726   2.204   0.000 01O000H015 t
00322 HOH01A1007_007 f 0.00  0.000     0  0.00  0  0   0.000  -2.937   0.000  -0.801   2.183   0.000 01O000H018 t
00323 HOH01A1007_008 f 0.00  0.000     0  0.00  0  0   0.000  -2.937   0.000   1.562   2.206   0.000 01O000H023 t
00324 HOH01A1007_009 f 0.00  0.000     0  0.00  0  0   0.000  -2.937   0.000  -1.451   2.188   0.000 01O000H029 t
00325 HOH01A1007_010 f 0.00  0.000     0  0.00  0  0   0.000  -2.937   0.000  -1.957   2.202   0.000 01O000H031 t
00326 HOH01A1007_011 f 0.00  0.000     0  0.00  0  0   0.000  -2.937   0.000  -1.235   2.199   0.000 01O000H037 t
00327 HOH01A1007_012 f 0.00  0.000     0  0.00  0  0   0.000  -2.937   0.000  -1.802   2.221   0.000 01O000H039 t
00328 HOHDMA1007_013 f 0.00  0.000     0  0.00  0  0   0.000   0.000   0.000   0.000   0.000   0.000         DM d
00329 HOH01A1008_001 f 0.00  0.000     0  0.00  0  0   0.000  -3.422   0.000   2.847   2.237   0.000 01O000M000 t
00330 HOH01A1008_002 f 0.00  0.000     0  0.00  0  0   0.000 995.578   0.000   2.687   2.236   0.000 01O000H000 t
00331 HOH01A1008_003 f 0.00  0.000     0  0.00  0  0   0.000 995.578   0.000   3.315   2.223   0.000 01O000H005 t
00332 HOH01A1008_004 f 0.00  0.000     0  0.00  0  0   0.000  -3.422   0.000  -1.403   2.234   0.000 01O000H006 t
00333 HOH01A1008_005 f 0.00  0.000     0  0.00  0  0   0.000  -3.422   0.000  -2.695   2.236   0.000 01O000H048 t
00334 HOH01A1008_006 f 0.00  0.000     0  0.00  0  0   0.000  -3.422   0.000  -2.547   2.238   0.000 01O000H071 t
00335 HOH01A1008_007 f 0.00  0.000     0  0.00  0  0   0.000  -3.422   0.000  -2.223   2.236   0.000 01O000H087 t
00336 HOH01A1008_008 f 0.00  0.000     0  0.00  0  0   0.000  -3.422   0.000  -1.925   2.240   0.000 01O000H126 t
00337 HOHDMA1008_009 f 0.00  0.000     0  0.00  0  0   0.000   0.000   0.000   0.000   0.000   0.000         DM d
00338 HOH01A1015_001 f 0.00  0.000     0  0.00  0  0   0.000  -2.041   0.000   0.886   2.242   0.000 01O000M000 t
00339 HOH01A1015_002 f 0.00  0.000     0  0.00  0  0   0.000  -2.041   0.000   1.073   2.239   0.000 01O000M000 t
00340 HOH01A1015_003 f 0.00  0.000     0  0.00  0  0   0.000  -2.041   0.000   0.948   2.243   0.000 01O000H001 t
00341 HOH01A1015_004 f 0.00  0.000     0  0.00  0  0   0.000  -2.041   0.000   1.002   2.245   0.000 01O000H002 t
00342 HOH01A1015_005 f 0.00  0.000     0  0.00  0  0   0.000  -2.041   0.000   1.135   2.247   0.000 01O000H005 t
00343 HOH01A1015_006 f 0.00  0.000     0  0.00  0  0   0.000  -2.041   0.000   0.448   2.241   0.000 01O000H007 t
00344 HOH01A1015_007 f 0.00  0.000     0  0.00  0  0   0.000  -2.041   0.000   0.090   2.239   0.000 01O000H010 t
00345 HOH01A1015_008 f 0.00  0.000     0  0.00  0  0   0.000  -2.041   0.000   0.531   2.246   0.000 01O000H012 t
00346 HOH01A1015_009 f 0.00  0.000     0  0.00  0  0   0.000  -2.041   0.000  -0.158   2.240   0.000 01O000H013 t
00347 HOH01A1015_010 f 0.00  0.000     0  0.00  0  0   0.000  -2.041   0.000  -1.257   2.240   0.000 01O000H015 t
00348 HOH01A1015_011 f 0.00  0.000     0  0.00  0  0   0.000  -2.041   0.000  -0.800   2.239   0.000 01O000H016 t
00349 HOH01A1015_012 f 0.00  0.000     0  0.00  0  0   0.000  -2.041   0.000  -1.130   2.240   0.000 01O000H020 t
00350 HOH01A1015_013 f 0.00  0.000     0  0.00  0  0   0.000  -2.041   0.000   1.180   2.246   0.000 01O000H039 t
00351 HOH01A1015_014 f 0.00  0.000     0  0.00  0  0   0.000  -2.041   0.000  -0.817   2.238   0.000 01O000H053 t
00352 HOHDMA1015_015 f 0.00  0.000     0  0.00  0  0   0.000   0.000   0.000   0.000   0.000   0.000         DM d
00353 HOH01A1016_001 f 0.00  0.000     0  0.00  0  0   0.000  -1.610   0.000  -1.101   1.659   0.000 01O000M000 t
00354 HOH01A1016_002 f 0.00  0.000     0  0.00  0  0   0.000  -1.610   0.000  -0.669   1.329   0.000 01O000H001 t
00355 HOH01A1016_003 f 0.00  0.000     0  0.00  0  0   0.000  -1.610   0.000   0.000   1.781   0.000 01O000H051 t
00356 HOHDMA1016_004 f 0.00  0.000     0  0.00  0  0   0.000   0.000   0.000   0.000   0.000   0.000         DM d
00357 HOH01A1073_001 f 0.00  0.000     0  0.00  0  0   0.000  -0.292   0.000   0.063   1.462   0.000 01O000M000 t
00358 HOH01A1073_002 f 0.00  0.000     0  0.00  0  0   0.000  -0.292   0.000  -0.143   1.522   0.000 01O000M000 t
00359 HOH01A1073_003 f 0.00  0.000     0  0.00  0  0   0.000  -0.292   0.000   0.155   1.375   0.000 01O000M000 t
00360 HOH01A1073_004 f 0.00  0.000     0  0.00  0  0   0.000  -0.292   0.000  -0.124   1.553   0.000 01O000M000 t
00361 HOH01A1073_005 f 0.00  0.000     0  0.00  0  0   0.000  -0.292   0.000   0.079   1.608   0.000 01O000H000 t
00362 HOH01A1073_006 f 0.00  0.000     0  0.00  0  0   0.000  -0.292   0.000   0.159   1.681   0.000 01O000H004 t
00363 HOH01A1073_007 f 0.00  0.000     0  0.00  0  0   0.000  -0.292   0.000   0.128   1.386   0.000 01O000H011 t
00364 HOH01A1073_008 f 0.00  0.000     0  0.00  0  0   0.000  -0.292   0.000  -0.265   1.384   0.000 01O000H013 t
00365 HOH01A1073_009 f 0.00  0.000     0  0.00  0  0   0.000  -0.292   0.000  -0.183   1.320   0.000 01O000H016 t
00366 HOH01A1073_010 f 0.00  0.000     0  0.00  0  0   0.000  -0.292   0.000   0.272   1.751   0.000 01O000H017 t
00367 HOH01A1073_011 f 0.00  0.000     0  0.00  0  0   0.000  -0.292   0.000   0.237   1.740   0.000 01O000H022 t
00368 HOH01A1073_012 f 0.00  0.000     0  0.00  0  0   0.000  -0.292   0.000   0.039   1.516   0.000 01O000H026 t
00369 HOH01A1073_013 f 0.00  0.000     0  0.00  0  0   0.000  -0.292   0.000  -0.158   1.583   0.000 01O000H033 t
00370 HOH01A1073_014 f 0.00  0.000     0  0.00  0  0   0.000  -0.292   0.000   0.136   1.646   0.000 01O000H035 t
00371 HOH01A1073_015 f 0.00  0.000     0  0.00  0  0   0.000  -0.292   0.000  -0.029   1.381   0.000 01O000H037 t
00372 HOHDMA1073_016 f 0.00  0.000     0  0.00  0  0   0.000   0.000   0.000   0.000   0.000   0.000         DM d
