  pH             pKa/Em  n(slope) 1000*chi2
NTR+A0001_        7.100     0.974     0.043
LYS+A0001_        9.547     0.978     0.008
ARG+A0005_       12.633     0.836     0.079
GLU-A0007_        3.503     0.954     0.027
LYS+A0013_       11.483     0.934     0.024
ARG+A0014_       12.954     0.902     0.053
HIS+A0015_        6.433     1.022     0.056
ASP-A0018_        2.455     0.929     0.037
TYR-A0020_       13.739     0.689     0.499
ARG+A0021_       12.910     0.811     0.675
TYR-A0023_       10.357     0.843     0.031
LYS+A0033_       10.638     0.951     0.145
GLU-A0035_        5.703     0.930     0.150
ARG+A0045_       12.259     0.568     9.539
ASP-A0048_        1.710     0.949     0.163
ASP-A0052_        3.313     0.964     0.147
TYR-A0053_        >14.0                    
ARG+A0061_       13.637     0.861     0.073
ASP-A0066_        1.322     0.977     0.069
ARG+A0068_       13.533     0.504     1.784
ARG+A0073_       12.537     0.907     0.071
ASP-A0087_        2.324     0.973     0.065
LYS+A0096_       10.710     0.786     0.345
LYS+A0097_       10.910     0.872     0.022
ASP-A0101_        4.628     0.993     0.007
ARG+A0112_       12.338     0.894     0.007
ARG+A0114_       13.068     0.932     0.072
LYS+A0116_        9.582     0.932     0.056
ASP-A0119_        3.694     0.985     0.026
ARG+A0125_       12.576     0.895     0.058
ARG+A0128_       13.165     0.936     0.010
CTR-A0129_        3.115     0.931     0.208
