 ph              0.0   1.0   2.0   3.0   4.0   5.0   6.0   7.0   8.0   9.0  10.0  11.0  12.0  13.0  14.0
NTR+A0001_      1.00  1.00  1.00  1.00  1.00  0.99  0.91  0.56  0.12  0.02  0.00  0.00  0.00  0.00  0.00
LYS+A0001_      1.00  1.00  1.00  1.00  1.00  1.00  1.00  0.99  0.97  0.77  0.27  0.04  0.01  0.00  0.00
ARG+A0005_      1.00  1.00  1.00  1.00  1.00  1.00  1.00  1.00  1.00  1.00  0.99  0.95  0.77  0.34  0.06
GLU-A0007_      0.00 -0.01 -0.04 -0.25 -0.74 -0.97 -1.00 -1.00 -1.00 -1.00 -1.00 -1.00 -1.00 -1.00 -1.00
LYS+A0013_      1.00  1.00  1.00  1.00  1.00  1.00  1.00  1.00  1.00  0.99  0.96  0.73  0.25  0.04  0.01
ARG+A0014_      1.00  1.00  1.00  1.00  1.00  1.00  1.00  1.00  1.00  1.00  1.00  0.98  0.87  0.48  0.10
HIS+A0015_      1.00  1.00  1.00  1.00  1.00  0.96  0.73  0.21  0.03  0.00  0.00  0.00  0.00  0.00  0.00
ASP-A0018_     -0.00 -0.04 -0.28 -0.76 -0.96 -1.00 -1.00 -1.00 -1.00 -1.00 -1.00 -1.00 -1.00 -1.00 -1.00
TYR-A0020_      0.00  0.00  0.00  0.00  0.00  0.00  0.00  0.00  0.00 -0.00 -0.01 -0.03 -0.07 -0.23 -0.60
ARG+A0021_      1.00  1.00  1.00  1.00  1.00  1.00  1.00  1.00  1.00  1.00  1.00  0.98  0.85  0.45  0.14
TYR-A0023_      0.00  0.00  0.00  0.00  0.00  0.00  0.00  0.00 -0.01 -0.07 -0.34 -0.77 -0.95 -0.99 -1.00
LYS+A0033_      1.00  1.00  1.00  1.00  1.00  1.00  1.00  1.00  1.00  0.97  0.80  0.31  0.06  0.01  0.00
GLU-A0035_      0.00  0.00 -0.00 -0.01 -0.04 -0.18 -0.65 -0.94 -0.99 -1.00 -1.00 -1.00 -1.00 -1.00 -1.00
ARG+A0045_      1.00  1.00  1.00  1.00  1.00  1.00  1.00  1.00  1.00  1.00  0.99  0.88  0.52  0.29  0.15
ASP-A0048_     -0.02 -0.18 -0.65 -0.95 -0.99 -1.00 -1.00 -1.00 -1.00 -1.00 -1.00 -1.00 -1.00 -1.00 -1.00
ASP-A0052_      0.00  0.00 -0.06 -0.34 -0.82 -0.96 -1.00 -1.00 -1.00 -1.00 -1.00 -1.00 -1.00 -1.00 -1.00
TYR-A0053_      0.00  0.00  0.00  0.00  0.00  0.00  0.00  0.00  0.00  0.00  0.00  0.00  0.00  0.00  0.00
ARG+A0061_      1.00  1.00  1.00  1.00  1.00  1.00  1.00  1.00  1.00  1.00  1.00  1.00  0.95  0.78  0.33
ASP-A0066_     -0.06 -0.33 -0.82 -0.98 -1.00 -1.00 -1.00 -1.00 -1.00 -1.00 -1.00 -1.00 -1.00 -1.00 -1.00
ARG+A0068_      1.00  1.00  1.00  1.00  1.00  1.00  1.00  1.00  1.00  1.00  1.00  0.96  0.82  0.67  0.36
ARG+A0073_      1.00  1.00  1.00  1.00  1.00  1.00  1.00  1.00  1.00  1.00  1.00  0.97  0.75  0.28  0.05
ASP-A0087_     -0.01 -0.05 -0.33 -0.81 -0.98 -1.00 -1.00 -1.00 -1.00 -1.00 -1.00 -1.00 -1.00 -1.00 -1.00
LYS+A0096_      1.00  1.00  1.00  1.00  1.00  1.00  1.00  1.00  1.00  0.97  0.78  0.37  0.10  0.03  0.01
LYS+A0097_      1.00  1.00  1.00  1.00  1.00  1.00  1.00  1.00  1.00  0.98  0.85  0.46  0.10  0.02  0.00
ASP-A0101_      0.00  0.00 -0.00 -0.03 -0.20 -0.70 -0.95 -1.00 -1.00 -1.00 -1.00 -1.00 -1.00 -1.00 -1.00
ARG+A0112_      1.00  1.00  1.00  1.00  1.00  1.00  1.00  1.00  1.00  1.00  0.99  0.94  0.66  0.21  0.03
ARG+A0114_      1.00  1.00  1.00  1.00  1.00  1.00  1.00  1.00  1.00  1.00  1.00  0.99  0.90  0.54  0.12
LYS+A0116_      1.00  1.00  1.00  1.00  1.00  1.00  1.00  1.00  0.97  0.77  0.29  0.05  0.01  0.00  0.00
ASP-A0119_      0.00 -0.00 -0.02 -0.18 -0.66 -0.95 -0.99 -1.00 -1.00 -1.00 -1.00 -1.00 -1.00 -1.00 -1.00
ARG+A0125_      1.00  1.00  1.00  1.00  1.00  1.00  1.00  1.00  1.00  1.00  1.00  0.96  0.76  0.30  0.05
ARG+A0128_      1.00  1.00  1.00  1.00  1.00  1.00  1.00  1.00  1.00  1.00  1.00  0.99  0.92  0.59  0.15
CTR-A0129_     -0.00 -0.01 -0.10 -0.44 -0.87 -0.99 -1.00 -1.00 -1.00 -1.00 -1.00 -1.00 -1.00 -1.00 -1.00
---------------------------------------------------------------------------------------------------------
Net_Charge     18.91 18.38 16.71 14.26 11.74 10.20  9.06  7.82  7.07  6.40  4.57  1.75 -1.72 -6.21 -10.05
Protons        18.91 18.38 16.71 14.26 11.74 10.20  9.06  7.82  7.07  6.40  4.57  1.75 -1.72 -6.21 -10.05
Electrons       0.00  0.00  0.00  0.00  0.00  0.00  0.00  0.00  0.00  0.00  0.00  0.00  0.00  0.00  0.00
